# JRE version: OpenJDK Runtime Environment Temurin-17.0.19+10 (17.0.19+10) (build 17.0.19+10)
# Java VM: OpenJDK 64-Bit Server VM Temurin-17.0.19+10 (17.0.19+10, mixed mode, sharing, tiered, compressed oops, compressed class ptrs, g1 gc, windows-amd64)
GC Precious Log:
 CPUs: 4 total, 4 available
 Memory: 8063M
 Large Page Support: Disabled
 NUMA Support: Disabled
 Compressed Oops: Enabled (Zero based)
 Heap Region Size: 4M
 Heap Min Capacity: 8M
 Heap Initial Capacity: 128M
 Heap Max Capacity: 8G
 Pre-touch: Disabled
 Parallel Workers: 4
 Concurrent Workers: 1
 Concurrent Refinement Workers: 4
 Periodic GC: Disabled
Heap:
 garbage-first heap   total 212992K, used 126099K [0x0000000600000000, 0x0000000800000000)
  region size 4096K, 2 young (8192K), 2 survivors (8192K)
 Metaspace       used 101576K, committed 102656K, reserved 1179648K
  class space    used 14192K, committed 14720K, reserved 1048576K
GC Heap History (20 events):
Event: 67.547 GC heap after
{Heap after GC invocations=37 (full 0):
 garbage-first heap   total 188416K, used 95871K [0x0000000600000000, 0x0000000800000000)
  region size 4096K, 2 young (8192K), 2 survivors (8192K)
 Metaspace       used 78143K, committed 78976K, reserved 1179648K
  class space    used 10916K, committed 11328K, reserved 1048576K
}
Event: 68.483 GC heap before
{Heap before GC invocations=37 (full 0):
 garbage-first heap   total 188416K, used 140927K [0x0000000600000000, 0x0000000800000000)
  region size 4096K, 14 young (57344K), 2 survivors (8192K)
 Metaspace       used 81620K, committed 82496K, reserved 1179648K
  class space    used 11354K, committed 11776K, reserved 1048576K
}
Event: 68.492 GC heap after
{Heap after GC invocations=38 (full 0):
 garbage-first heap   total 188416K, used 103176K [0x0000000600000000, 0x0000000800000000)
  region size 4096K, 2 young (8192K), 2 survivors (8192K)
 Metaspace       used 81620K, committed 82496K, reserved 1179648K
  class space    used 11354K, committed 11776K, reserved 1048576K
}
Event: 69.121 GC heap before
{Heap before GC invocations=39 (full 0):
 garbage-first heap   total 200704K, used 144136K [0x0000000600000000, 0x0000000800000000)
  region size 4096K, 12 young (49152K), 2 survivors (8192K)
 Metaspace       used 84546K, committed 85440K, reserved 1179648K
  class space    used 11712K, committed 12160K, reserved 1048576K
}
Event: 69.130 GC heap after
{Heap after GC invocations=40 (full 0):
 garbage-first heap   total 200704K, used 105101K [0x0000000600000000, 0x0000000800000000)
  region size 4096K, 1 young (4096K), 1 survivors (4096K)
 Metaspace       used 84546K, committed 85440K, reserved 1179648K
  class space    used 11712K, committed 12160K, reserved 1048576K
}
Event: 70.036 GC heap before
{Heap before GC invocations=40 (full 0):
 garbage-first heap   total 200704K, used 150157K [0x0000000600000000, 0x0000000800000000)
  region size 4096K, 13 young (53248K), 1 survivors (4096K)
 Metaspace       used 88256K, committed 89152K, reserved 1179648K
  class space    used 12210K, committed 12672K, reserved 1048576K
}
Event: 70.044 GC heap after
{Heap after GC invocations=41 (full 0):
 garbage-first heap   total 200704K, used 106396K [0x0000000600000000, 0x0000000800000000)
  region size 4096K, 1 young (4096K), 1 survivors (4096K)
 Metaspace       used 88256K, committed 89152K, reserved 1179648K
  class space    used 12210K, committed 12672K, reserved 1048576K
}
Event: 71.131 GC heap before
{Heap before GC invocations=42 (full 0):
 garbage-first heap   total 204800K, used 159644K [0x0000000600000000, 0x0000000800000000)
  region size 4096K, 14 young (57344K), 1 survivors (4096K)
 Metaspace       used 90419K, committed 91392K, reserved 1179648K
  class space    used 12523K, committed 12992K, reserved 1048576K
}
Event: 71.141 GC heap after
{Heap after GC invocations=43 (full 0):
 garbage-first heap   total 204800K, used 110069K [0x0000000600000000, 0x0000000800000000)
  region size 4096K, 2 young (8192K), 2 survivors (8192K)
 Metaspace       used 90419K, committed 91392K, reserved 1179648K
  class space    used 12523K, committed 12992K, reserved 1048576K
}
Event: 71.995 GC heap before
{Heap before GC invocations=43 (full 0):
 garbage-first heap   total 204800K, used 163317K [0x0000000600000000, 0x0000000800000000)
  region size 4096K, 15 young (61440K), 2 survivors (8192K)
 Metaspace       used 93741K, committed 94592K, reserved 1179648K
  class space    used 12964K, committed 13376K, reserved 1048576K
}
Event: 72.010 GC heap after
{Heap after GC invocations=44 (full 0):
 garbage-first heap   total 204800K, used 112662K [0x0000000600000000, 0x0000000800000000)
  region size 4096K, 2 young (8192K), 2 survivors (8192K)
 Metaspace       used 93741K, committed 94592K, reserved 1179648K
  class space    used 12964K, committed 13376K, reserved 1048576K
}
Event: 73.110 GC heap before
{Heap before GC invocations=45 (full 0):
 garbage-first heap   total 212992K, used 165910K [0x0000000600000000, 0x0000000800000000)
  region size 4096K, 15 young (61440K), 2 survivors (8192K)
 Metaspace       used 97475K, committed 98368K, reserved 1179648K
  class space    used 13659K, committed 14080K, reserved 1048576K
}
Event: 73.121 GC heap after
{Heap after GC invocations=46 (full 0):
 garbage-first heap   total 212992K, used 113620K [0x0000000600000000, 0x0000000800000000)
  region size 4096K, 1 young (4096K), 1 survivors (4096K)
 Metaspace       used 97475K, committed 98368K, reserved 1179648K
  class space    used 13659K, committed 14080K, reserved 1048576K
}
Event: 211.121 GC heap before
{Heap before GC invocations=46 (full 0):
 garbage-first heap   total 212992K, used 175060K [0x0000000600000000, 0x0000000800000000)
  region size 4096K, 16 young (65536K), 1 survivors (4096K)
 Metaspace       used 99549K, committed 100416K, reserved 1179648K
  class space    used 13930K, committed 14336K, reserved 1048576K
}
Event: 211.135 GC heap after
{Heap after GC invocations=47 (full 0):
 garbage-first heap   total 212992K, used 118090K [0x0000000600000000, 0x0000000800000000)
  region size 4096K, 2 young (8192K), 2 survivors (8192K)
 Metaspace       used 99549K, committed 100416K, reserved 1179648K
  class space    used 13930K, committed 14336K, reserved 1048576K
}
Event: 213.379 GC heap before
{Heap before GC invocations=48 (full 0):
 garbage-first heap   total 212992K, used 175434K [0x0000000600000000, 0x0000000800000000)
  region size 4096K, 16 young (65536K), 2 survivors (8192K)
 Metaspace       used 100969K, committed 102080K, reserved 1179648K
  class space    used 14131K, committed 14656K, reserved 1048576K
}
Event: 213.397 GC heap after
{Heap after GC invocations=49 (full 0):
 garbage-first heap   total 212992K, used 120981K [0x0000000600000000, 0x0000000800000000)
  region size 4096K, 2 young (8192K), 2 survivors (8192K)
 Metaspace       used 100969K, committed 102080K, reserved 1179648K
  class space    used 14131K, committed 14656K, reserved 1048576K
}
Event: 213.420 GC heap before
{Heap before GC invocations=49 (full 0):
 garbage-first heap   total 212992K, used 125077K [0x0000000600000000, 0x0000000800000000)
  region size 4096K, 3 young (12288K), 2 survivors (8192K)
 Metaspace       used 100969K, committed 102080K, reserved 1179648K
  class space    used 14131K, committed 14656K, reserved 1048576K
}
Event: 213.429 GC heap after
{Heap after GC invocations=50 (full 0):
 garbage-first heap   total 212992K, used 121352K [0x0000000600000000, 0x0000000800000000)
  region size 4096K, 1 young (4096K), 1 survivors (4096K)
 Metaspace       used 100969K, committed 102080K, reserved 1179648K
  class space    used 14131K, committed 14656K, reserved 1048576K
}
Event: 215.427 GC heap before
{Heap before GC invocations=50 (full 0):
 garbage-first heap   total 212992K, used 170504K [0x0000000600000000, 0x0000000800000000)
  region size 4096K, 13 young (53248K), 1 survivors (4096K)
 Metaspace       used 101576K, committed 102656K, reserved 1179648K
  class space    used 14192K, committed 14720K, reserved 1048576K
}

