# JRE version: OpenJDK Runtime Environment Temurin-21.0.12.1+1 (21.0.12.1+1) (build 21.0.12.1+1-LTS)
# Java VM: OpenJDK 64-Bit Server VM Temurin-21.0.12.1+1 (21.0.12.1+1-LTS, mixed mode, sharing, tiered, compressed oops, compressed class ptrs, parallel gc, windows-amd64)
GC Precious Log:
 CardTable entry size: 512
 CPUs: 4 total, 4 available
 Memory: 8063M
 Large Page Support: Disabled
 NUMA Support: Disabled
 Compressed Oops: Enabled (32-bit)
 Alignments: Space 512K, Generation 512K, Heap 2M
 Heap Min Capacity: 100M
 Heap Initial Capacity: 100M
 Heap Max Capacity: 2G
 Pre-touch: Disabled
 Parallel Workers: 4
Heap:
 PSYoungGen      total 22528K, used 9044K [0x00000000d5580000, 0x00000000d7200000, 0x0000000100000000)
  eden space 22016K, 38% used [0x00000000d5580000,0x00000000d5ddb0c8,0x00000000d6b00000)
  from space 512K, 95% used [0x00000000d7100000,0x00000000d7179fc8,0x00000000d7180000)
  to   space 512K, 0% used [0x00000000d7180000,0x00000000d7180000,0x00000000d7200000)
 ParOldGen       total 68608K, used 44403K [0x0000000080000000, 0x0000000084300000, 0x00000000d5580000)
  object space 68608K, 64% used [0x0000000080000000,0x0000000082b5ce78,0x0000000084300000)
 Metaspace       used 66271K, committed 67776K, reserved 1114112K
  class space    used 8404K, committed 9088K, reserved 1048576K
GC Heap History (20 events):
Event: 16.732 GC heap before
{Heap before GC invocations=41 (full 3):
 PSYoungGen      total 22528K, used 22225K [0x00000000d5580000, 0x00000000d7280000, 0x0000000100000000)
  eden space 22016K, 100% used [0x00000000d5580000,0x00000000d6b00000,0x00000000d6b00000)
  from space 512K, 40% used [0x00000000d7180000,0x00000000d71b4640,0x00000000d7200000)
  to   space 512K, 0% used [0x00000000d7200000,0x00000000d7200000,0x00000000d7280000)
 ParOldGen       total 68608K, used 39796K [0x0000000080000000, 0x0000000084300000, 0x00000000d5580000)
  object space 68608K, 58% used [0x0000000080000000,0x00000000826dd310,0x0000000084300000)
 Metaspace       used 60484K, committed 61760K, reserved 1114112K
  class space    used 7656K, committed 8192K, reserved 1048576K
}
Event: 16.733 GC heap after
{Heap after GC invocations=41 (full 3):
 PSYoungGen      total 22528K, used 333K [0x00000000d5580000, 0x00000000d7280000, 0x0000000100000000)
  eden space 22016K, 0% used [0x00000000d5580000,0x00000000d5580000,0x00000000d6b00000)
  from space 512K, 65% used [0x00000000d7200000,0x00000000d7253400,0x00000000d7280000)
  to   space 512K, 0% used [0x00000000d7180000,0x00000000d7180000,0x00000000d7200000)
 ParOldGen       total 68608K, used 39860K [0x0000000080000000, 0x0000000084300000, 0x00000000d5580000)
  object space 68608K, 58% used [0x0000000080000000,0x00000000826ed320,0x0000000084300000)
 Metaspace       used 60484K, committed 61760K, reserved 1114112K
  class space    used 7656K, committed 8192K, reserved 1048576K
}
Event: 17.079 GC heap before
{Heap before GC invocations=42 (full 3):
 PSYoungGen      total 22528K, used 22349K [0x00000000d5580000, 0x00000000d7280000, 0x0000000100000000)
  eden space 22016K, 100% used [0x00000000d5580000,0x00000000d6b00000,0x00000000d6b00000)
  from space 512K, 65% used [0x00000000d7200000,0x00000000d7253400,0x00000000d7280000)
  to   space 512K, 0% used [0x00000000d7180000,0x00000000d7180000,0x00000000d7200000)
 ParOldGen       total 68608K, used 39860K [0x0000000080000000, 0x0000000084300000, 0x00000000d5580000)
  object space 68608K, 58% used [0x0000000080000000,0x00000000826ed320,0x0000000084300000)
 Metaspace       used 62801K, committed 64192K, reserved 1114112K
  class space    used 8019K, committed 8640K, reserved 1048576K
}
Event: 17.081 GC heap after
{Heap after GC invocations=42 (full 3):
 PSYoungGen      total 22528K, used 480K [0x00000000d5580000, 0x00000000d7280000, 0x0000000100000000)
  eden space 22016K, 0% used [0x00000000d5580000,0x00000000d5580000,0x00000000d6b00000)
  from space 512K, 93% used [0x00000000d7180000,0x00000000d71f8010,0x00000000d7200000)
  to   space 512K, 0% used [0x00000000d7200000,0x00000000d7200000,0x00000000d7280000)
 ParOldGen       total 68608K, used 40124K [0x0000000080000000, 0x0000000084300000, 0x00000000d5580000)
  object space 68608K, 58% used [0x0000000080000000,0x000000008272f340,0x0000000084300000)
 Metaspace       used 62801K, committed 64192K, reserved 1114112K
  class space    used 8019K, committed 8640K, reserved 1048576K
}
Event: 20.090 GC heap before
{Heap before GC invocations=43 (full 3):
 PSYoungGen      total 22528K, used 22496K [0x00000000d5580000, 0x00000000d7280000, 0x0000000100000000)
  eden space 22016K, 100% used [0x00000000d5580000,0x00000000d6b00000,0x00000000d6b00000)
  from space 512K, 93% used [0x00000000d7180000,0x00000000d71f8010,0x00000000d7200000)
  to   space 512K, 0% used [0x00000000d7200000,0x00000000d7200000,0x00000000d7280000)
 ParOldGen       total 68608K, used 40124K [0x0000000080000000, 0x0000000084300000, 0x00000000d5580000)
  object space 68608K, 58% used [0x0000000080000000,0x000000008272f340,0x0000000084300000)
 Metaspace       used 63675K, committed 65024K, reserved 1114112K
  class space    used 8113K, committed 8704K, reserved 1048576K
}
Event: 20.096 GC heap after
{Heap after GC invocations=43 (full 3):
 PSYoungGen      total 22528K, used 496K [0x00000000d5580000, 0x00000000d7280000, 0x0000000100000000)
  eden space 22016K, 0% used [0x00000000d5580000,0x00000000d5580000,0x00000000d6b00000)
  from space 512K, 96% used [0x00000000d7200000,0x00000000d727c010,0x00000000d7280000)
  to   space 1536K, 0% used [0x00000000d6f80000,0x00000000d6f80000,0x00000000d7100000)
 ParOldGen       total 68608K, used 40644K [0x0000000080000000, 0x0000000084300000, 0x00000000d5580000)
  object space 68608K, 59% used [0x0000000080000000,0x00000000827b1350,0x0000000084300000)
 Metaspace       used 63675K, committed 65024K, reserved 1114112K
  class space    used 8113K, committed 8704K, reserved 1048576K
}
Event: 22.480 GC heap before
{Heap before GC invocations=44 (full 3):
 PSYoungGen      total 22528K, used 22512K [0x00000000d5580000, 0x00000000d7280000, 0x0000000100000000)
  eden space 22016K, 100% used [0x00000000d5580000,0x00000000d6b00000,0x00000000d6b00000)
  from space 512K, 96% used [0x00000000d7200000,0x00000000d727c010,0x00000000d7280000)
  to   space 1536K, 0% used [0x00000000d6f80000,0x00000000d6f80000,0x00000000d7100000)
 ParOldGen       total 68608K, used 40644K [0x0000000080000000, 0x0000000084300000, 0x00000000d5580000)
  object space 68608K, 59% used [0x0000000080000000,0x00000000827b1350,0x0000000084300000)
 Metaspace       used 64815K, committed 66176K, reserved 1114112K
  class space    used 8262K, committed 8896K, reserved 1048576K
}
Event: 22.482 GC heap after
{Heap after GC invocations=44 (full 3):
 PSYoungGen      total 23552K, used 512K [0x00000000d5580000, 0x00000000d7280000, 0x0000000100000000)
  eden space 22016K, 0% used [0x00000000d5580000,0x00000000d5580000,0x00000000d6b00000)
  from space 1536K, 33% used [0x00000000d6f80000,0x00000000d7000000,0x00000000d7100000)
  to   space 1024K, 0% used [0x00000000d7180000,0x00000000d7180000,0x00000000d7280000)
 ParOldGen       total 68608K, used 41120K [0x0000000080000000, 0x0000000084300000, 0x00000000d5580000)
  object space 68608K, 59% used [0x0000000080000000,0x0000000082828360,0x0000000084300000)
 Metaspace       used 64815K, committed 66176K, reserved 1114112K
  class space    used 8262K, committed 8896K, reserved 1048576K
}
Event: 43.698 GC heap before
{Heap before GC invocations=45 (full 3):
 PSYoungGen      total 23552K, used 22528K [0x00000000d5580000, 0x00000000d7280000, 0x0000000100000000)
  eden space 22016K, 100% used [0x00000000d5580000,0x00000000d6b00000,0x00000000d6b00000)
  from space 1536K, 33% used [0x00000000d6f80000,0x00000000d7000000,0x00000000d7100000)
  to   space 1024K, 0% used [0x00000000d7180000,0x00000000d7180000,0x00000000d7280000)
 ParOldGen       total 68608K, used 41120K [0x0000000080000000, 0x0000000084300000, 0x00000000d5580000)
  object space 68608K, 59% used [0x0000000080000000,0x0000000082828360,0x0000000084300000)
 Metaspace       used 65103K, committed 66560K, reserved 1114112K
  class space    used 8282K, committed 8960K, reserved 1048576K
}
Event: 43.701 GC heap after
{Heap after GC invocations=45 (full 3):
 PSYoungGen      total 22528K, used 336K [0x00000000d5580000, 0x00000000d7200000, 0x0000000100000000)
  eden space 22016K, 0% used [0x00000000d5580000,0x00000000d5580000,0x00000000d6b00000)
  from space 512K, 65% used [0x00000000d7180000,0x00000000d71d4010,0x00000000d7200000)
  to   space 512K, 0% used [0x00000000d7100000,0x00000000d7100000,0x00000000d7180000)
 ParOldGen       total 68608K, used 41508K [0x0000000080000000, 0x0000000084300000, 0x00000000d5580000)
  object space 68608K, 60% used [0x0000000080000000,0x00000000828890d0,0x0000000084300000)
 Metaspace       used 65103K, committed 66560K, reserved 1114112K
  class space    used 8282K, committed 8960K, reserved 1048576K
}
Event: 47.968 GC heap before
{Heap before GC invocations=46 (full 3):
 PSYoungGen      total 22528K, used 22352K [0x00000000d5580000, 0x00000000d7200000, 0x0000000100000000)
  eden space 22016K, 100% used [0x00000000d5580000,0x00000000d6b00000,0x00000000d6b00000)
  from space 512K, 65% used [0x00000000d7180000,0x00000000d71d4010,0x00000000d7200000)
  to   space 512K, 0% used [0x00000000d7100000,0x00000000d7100000,0x00000000d7180000)
 ParOldGen       total 68608K, used 41508K [0x0000000080000000, 0x0000000084300000, 0x00000000d5580000)
  object space 68608K, 60% used [0x0000000080000000,0x00000000828890d0,0x0000000084300000)
 Metaspace       used 65120K, committed 66560K, reserved 1114112K
  class space    used 8282K, committed 8960K, reserved 1048576K
}
Event: 47.970 GC heap after
{Heap after GC invocations=46 (full 3):
 PSYoungGen      total 22528K, used 96K [0x00000000d5580000, 0x00000000d7200000, 0x0000000100000000)
  eden space 22016K, 0% used [0x00000000d5580000,0x00000000d5580000,0x00000000d6b00000)
  from space 512K, 18% used [0x00000000d7100000,0x00000000d7118000,0x00000000d7180000)
  to   space 512K, 0% used [0x00000000d7180000,0x00000000d7180000,0x00000000d7200000)
 ParOldGen       total 68608K, used 41788K [0x0000000080000000, 0x0000000084300000, 0x00000000d5580000)
  object space 68608K, 60% used [0x0000000080000000,0x00000000828cf110,0x0000000084300000)
 Metaspace       used 65120K, committed 66560K, reserved 1114112K
  class space    used 8282K, committed 8960K, reserved 1048576K
}
Event: 49.067 GC heap before
{Heap before GC invocations=47 (full 3):
 PSYoungGen      total 22528K, used 22112K [0x00000000d5580000, 0x00000000d7200000, 0x0000000100000000)
  eden space 22016K, 100% used [0x00000000d5580000,0x00000000d6b00000,0x00000000d6b00000)
  from space 512K, 18% used [0x00000000d7100000,0x00000000d7118000,0x00000000d7180000)
  to   space 512K, 0% used [0x00000000d7180000,0x00000000d7180000,0x00000000d7200000)
 ParOldGen       total 68608K, used 41788K [0x0000000080000000, 0x0000000084300000, 0x00000000d5580000)
  object space 68608K, 60% used [0x0000000080000000,0x00000000828cf110,0x0000000084300000)
 Metaspace       used 65120K, committed 66560K, reserved 1114112K
  class space    used 8282K, committed 8960K, reserved 1048576K
}
Event: 49.068 GC heap after
{Heap after GC invocations=47 (full 3):
 PSYoungGen      total 22528K, used 128K [0x00000000d5580000, 0x00000000d7200000, 0x0000000100000000)
  eden space 22016K, 0% used [0x00000000d5580000,0x00000000d5580000,0x00000000d6b00000)
  from space 512K, 25% used [0x00000000d7180000,0x00000000d71a0000,0x00000000d7200000)
  to   space 512K, 0% used [0x00000000d7100000,0x00000000d7100000,0x00000000d7180000)
 ParOldGen       total 68608K, used 41820K [0x0000000080000000, 0x0000000084300000, 0x00000000d5580000)
  object space 68608K, 60% used [0x0000000080000000,0x00000000828d7110,0x0000000084300000)
 Metaspace       used 65120K, committed 66560K, reserved 1114112K
  class space    used 8282K, committed 8960K, reserved 1048576K
}
Event: 55.808 GC heap before
{Heap before GC invocations=48 (full 3):
 PSYoungGen      total 22528K, used 22144K [0x00000000d5580000, 0x00000000d7200000, 0x0000000100000000)
  eden space 22016K, 100% used [0x00000000d5580000,0x00000000d6b00000,0x00000000d6b00000)
  from space 512K, 25% used [0x00000000d7180000,0x00000000d71a0000,0x00000000d7200000)
  to   space 512K, 0% used [0x00000000d7100000,0x00000000d7100000,0x00000000d7180000)
 ParOldGen       total 68608K, used 41820K [0x0000000080000000, 0x0000000084300000, 0x00000000d5580000)
  object space 68608K, 60% used [0x0000000080000000,0x00000000828d7110,0x0000000084300000)
 Metaspace       used 65132K, committed 66560K, reserved 1114112K
  class space    used 8282K, committed 8960K, reserved 1048576K
}
Event: 55.809 GC heap after
{Heap after GC invocations=48 (full 3):
 PSYoungGen      total 22528K, used 96K [0x00000000d5580000, 0x00000000d7200000, 0x0000000100000000)
  eden space 22016K, 0% used [0x00000000d5580000,0x00000000d5580000,0x00000000d6b00000)
  from space 512K, 18% used [0x00000000d7100000,0x00000000d7118000,0x00000000d7180000)
  to   space 512K, 0% used [0x00000000d7180000,0x00000000d7180000,0x00000000d7200000)
 ParOldGen       total 68608K, used 41836K [0x0000000080000000, 0x0000000084300000, 0x00000000d5580000)
  object space 68608K, 60% used [0x0000000080000000,0x00000000828db110,0x0000000084300000)
 Metaspace       used 65132K, committed 66560K, reserved 1114112K
  class space    used 8282K, committed 8960K, reserved 1048576K
}
Event: 59.186 GC heap before
{Heap before GC invocations=49 (full 3):
 PSYoungGen      total 22528K, used 22112K [0x00000000d5580000, 0x00000000d7200000, 0x0000000100000000)
  eden space 22016K, 100% used [0x00000000d5580000,0x00000000d6b00000,0x00000000d6b00000)
  from space 512K, 18% used [0x00000000d7100000,0x00000000d7118000,0x00000000d7180000)
  to   space 512K, 0% used [0x00000000d7180000,0x00000000d7180000,0x00000000d7200000)
 ParOldGen       total 68608K, used 41836K [0x0000000080000000, 0x0000000084300000, 0x00000000d5580000)
  object space 68608K, 60% used [0x0000000080000000,0x00000000828db110,0x0000000084300000)
 Metaspace       used 65136K, committed 66560K, reserved 1114112K
  class space    used 8282K, committed 8960K, reserved 1048576K
}
Event: 59.187 GC heap after
{Heap after GC invocations=49 (full 3):
 PSYoungGen      total 22528K, used 128K [0x00000000d5580000, 0x00000000d7200000, 0x0000000100000000)
  eden space 22016K, 0% used [0x00000000d5580000,0x00000000d5580000,0x00000000d6b00000)
  from space 512K, 25% used [0x00000000d7180000,0x00000000d71a0000,0x00000000d7200000)
  to   space 512K, 0% used [0x00000000d7100000,0x00000000d7100000,0x00000000d7180000)
 ParOldGen       total 68608K, used 41860K [0x0000000080000000, 0x0000000084300000, 0x00000000d5580000)
  object space 68608K, 61% used [0x0000000080000000,0x00000000828e1110,0x0000000084300000)
 Metaspace       used 65136K, committed 66560K, reserved 1114112K
  class space    used 8282K, committed 8960K, reserved 1048576K
}
Event: 61.698 GC heap before
{Heap before GC invocations=50 (full 3):
 PSYoungGen      total 22528K, used 22136K [0x00000000d5580000, 0x00000000d7200000, 0x0000000100000000)
  eden space 22016K, 99% used [0x00000000d5580000,0x00000000d6afe188,0x00000000d6b00000)
  from space 512K, 25% used [0x00000000d7180000,0x00000000d71a0000,0x00000000d7200000)
  to   space 512K, 0% used [0x00000000d7100000,0x00000000d7100000,0x00000000d7180000)
 ParOldGen       total 68608K, used 41860K [0x0000000080000000, 0x0000000084300000, 0x00000000d5580000)
  object space 68608K, 61% used [0x0000000080000000,0x00000000828e1110,0x0000000084300000)
 Metaspace       used 66066K, committed 67584K, reserved 1114112K
  class space    used 8386K, committed 9088K, reserved 1048576K
}
Event: 61.701 GC heap after
{Heap after GC invocations=50 (full 3):
 PSYoungGen      total 22528K, used 487K [0x00000000d5580000, 0x00000000d7200000, 0x0000000100000000)
  eden space 22016K, 0% used [0x00000000d5580000,0x00000000d5580000,0x00000000d6b00000)
  from space 512K, 95% used [0x00000000d7100000,0x00000000d7179fc8,0x00000000d7180000)
  to   space 512K, 0% used [0x00000000d7180000,0x00000000d7180000,0x00000000d7200000)
 ParOldGen       total 68608K, used 44403K [0x0000000080000000, 0x0000000084300000, 0x00000000d5580000)
  object space 68608K, 64% used [0x0000000080000000,0x0000000082b5ce78,0x0000000084300000)
 Metaspace       used 66066K, committed 67584K, reserved 1114112K
  class space    used 8386K, committed 9088K, reserved 1048576K
}

